{"level":"info","message":"Server is running on port 3001","service":"user-service","timestamp":"2025-06-09 15:52:05"}
{"level":"info","message":"Server is running on port 3001","service":"user-service","timestamp":"2025-06-09 15:52:15"}
{"level":"info","message":"Server is running on port 3001","service":"user-service","timestamp":"2025-06-09 15:52:42"}
{"level":"info","message":"POST /api/auth/register","service":"user-service","timestamp":"2025-06-09 15:52:59"}
{"level":"info","message":"Register endpoint called","service":"user-service","timestamp":"2025-06-09 15:52:59"}
{"level":"info","message":"Attempting to register user with email: petrushandikasinaga@gmail.com","service":"user-service","timestamp":"2025-06-09 15:52:59"}
{"level":"info","message":"User registered successfully: c7988db0-cf63-48a4-a552-2e8f0c92db08","service":"user-service","timestamp":"2025-06-09 15:53:00"}
{"level":"info","message":"User registered successfully: c7988db0-cf63-48a4-a552-2e8f0c92db08","service":"user-service","timestamp":"2025-06-09 15:53:00"}
{"level":"info","message":"Server is running on port 3001","service":"user-service","timestamp":"2025-06-09 16:35:57"}
{"level":"info","message":"Server is running on port 3001","service":"user-service","timestamp":"2025-06-09 16:36:06"}
{"level":"info","message":"Server is running on port 3001","service":"user-service","timestamp":"2025-06-09 16:37:24"}
{"level":"info","message":"Server is running on port 3001","service":"user-service","timestamp":"2025-06-09 16:37:32"}
{"level":"info","message":"Server is running on port 3001","service":"user-service","timestamp":"2025-06-09 16:37:38"}
{"level":"info","message":"Server is running on port 3001","service":"user-service","timestamp":"2025-06-09 16:38:28"}
{"level":"info","message":"Server is running on port 3001","service":"user-service","timestamp":"2025-06-09 16:39:58"}
{"level":"info","message":"Server is running on port 3001","service":"user-service","timestamp":"2025-06-09 16:40:38"}
{"level":"info","message":"Server is running on port 3001","service":"user-service","timestamp":"2025-06-09 16:40:42"}
{"level":"info","message":"Server is running on port 3001","service":"user-service","timestamp":"2025-06-09 16:40:56"}
{"level":"info","message":"Server is running on port 3001","service":"user-service","timestamp":"2025-06-09 16:41:02"}
{"level":"info","message":"Server is running on port 3001","service":"user-service","timestamp":"2025-06-09 16:41:22"}
{"level":"info","message":"Server is running on port 3001","service":"user-service","timestamp":"2025-06-09 16:41:45"}
{"level":"info","message":"Server is running on port 3001","service":"user-service","timestamp":"2025-06-09 16:41:47"}
{"level":"info","message":"Server is running on port 3001","service":"user-service","timestamp":"2025-06-09 16:41:59"}
{"level":"info","message":"Server is running on port 3001","service":"user-service","timestamp":"2025-06-09 16:46:00"}
{"level":"info","message":"POST /api/auth/register","service":"user-service","timestamp":"2025-06-09 16:50:39"}
{"level":"info","message":"Register endpoint called","service":"user-service","timestamp":"2025-06-09 16:50:39"}
{"level":"info","message":"Attempting to register user with email: petrushandikasinaga@gmail.com","service":"user-service","timestamp":"2025-06-09 16:50:39"}
{"level":"warn","message":"Registration failed: Email already in use - petrushandikasinaga@gmail.com","service":"user-service","timestamp":"2025-06-09 16:50:39"}
{"level":"error","message":"Caught async error: Email already in use","service":"user-service","stack":"Error: Email already in use\n    at D:\\05 - Project\\Ads-Strategy-Server\\src\\services\\auth.service.ts:16:11\n    at Generator.next (<anonymous>)\n    at fulfilled (D:\\05 - Project\\Ads-Strategy-Server\\src\\services\\auth.service.ts:5:58)","timestamp":"2025-06-09 16:50:39"}
{"level":"error","message":"400 - Email already in use - /api/auth/register - POST - ::1","service":"user-service","timestamp":"2025-06-09 16:50:39"}
{"level":"info","message":"Server is running on port 3001","service":"user-service","timestamp":"2025-06-09 16:51:00"}
{"level":"info","message":"POST /api/auth/register","service":"user-service","timestamp":"2025-06-09 16:51:09"}
{"level":"info","message":"Register endpoint called","service":"user-service","timestamp":"2025-06-09 16:51:09"}
{"level":"info","message":"Attempting to register user with email: petrushandikasinaga@gmail.com","service":"user-service","timestamp":"2025-06-09 16:51:09"}
{"level":"info","message":"User registered successfully: 15662dd6-d65a-49b5-ba04-4a0ba1a7cdd9","service":"user-service","timestamp":"2025-06-09 16:51:09"}
{"level":"info","message":"User registered successfully: 15662dd6-d65a-49b5-ba04-4a0ba1a7cdd9","service":"user-service","timestamp":"2025-06-09 16:51:09"}
{"level":"info","message":"POST /api/auth/register","service":"user-service","timestamp":"2025-06-09 16:56:10"}
{"level":"info","message":"Register endpoint called","service":"user-service","timestamp":"2025-06-09 16:56:10"}
{"level":"info","message":"Attempting to register user with email: test123@gmail.com","service":"user-service","timestamp":"2025-06-09 16:56:10"}
{"level":"info","message":"User registered successfully: 7fe1cf32-24e7-4a96-9a33-7cdcb2519cda","service":"user-service","timestamp":"2025-06-09 16:56:10"}
{"level":"info","message":"User registered successfully: 7fe1cf32-24e7-4a96-9a33-7cdcb2519cda","service":"user-service","timestamp":"2025-06-09 16:56:10"}
{"level":"info","message":"Server is running on port 3001","service":"user-service","timestamp":"2025-06-09 16:56:59"}
{"level":"info","message":"POST /api/auth/register","service":"user-service","timestamp":"2025-06-09 16:57:17"}
{"level":"info","message":"Register endpoint called","service":"user-service","timestamp":"2025-06-09 16:57:17"}
{"level":"info","message":"Attempting to register user with email: petrushandikasinaga@gmail.com","service":"user-service","timestamp":"2025-06-09 16:57:17"}
{"level":"error","message":"Caught async error: \nInvalid `prisma.user.findUnique()` invocation in\nD:\\05 - Project\\Ads-Strategy-Server\\src\\services\\auth.service.ts:13:42\n\n  10   name: string\n  11 ) => {\n  12   logger.info(`Attempting to register user with email: ${email}`);\n→ 13   const existingUser = await prisma.user.findUnique(\nThe table `public.users` does not exist in the current database.","service":"user-service","stack":"PrismaClientKnownRequestError: \nInvalid `prisma.user.findUnique()` invocation in\nD:\\05 - Project\\Ads-Strategy-Server\\src\\services\\auth.service.ts:13:42\n\n  10   name: string\n  11 ) => {\n  12   logger.info(`Attempting to register user with email: ${email}`);\n→ 13   const existingUser = await prisma.user.findUnique(\nThe table `public.users` does not exist in the current database.\n    at Zn.handleRequestError (D:\\05 - Project\\Ads-Strategy-Server\\node_modules\\@prisma\\client\\runtime\\library.js:121:7459)\n    at Zn.handleAndLogRequestError (D:\\05 - Project\\Ads-Strategy-Server\\node_modules\\@prisma\\client\\runtime\\library.js:121:6784)\n    at Zn.request (D:\\05 - Project\\Ads-Strategy-Server\\node_modules\\@prisma\\client\\runtime\\library.js:121:6491)\n    at async l (D:\\05 - Project\\Ads-Strategy-Server\\node_modules\\@prisma\\client\\runtime\\library.js:130:9778)","timestamp":"2025-06-09 16:57:17"}
{"level":"error","message":"500 - \nInvalid `prisma.user.findUnique()` invocation in\nD:\\05 - Project\\Ads-Strategy-Server\\src\\services\\auth.service.ts:13:42\n\n  10   name: string\n  11 ) => {\n  12   logger.info(`Attempting to register user with email: ${email}`);\n→ 13   const existingUser = await prisma.user.findUnique(\nThe table `public.users` does not exist in the current database. - /api/auth/register - POST - ::1","service":"user-service","timestamp":"2025-06-09 16:57:17"}
{"level":"info","message":"Server is running on port 3001","service":"user-service","timestamp":"2025-06-09 16:59:12"}
{"level":"info","message":"Server is running on port 3001","service":"user-service","timestamp":"2025-06-09 16:59:40"}
{"level":"info","message":"Server is running on port 3001","service":"user-service","timestamp":"2025-06-09 17:00:47"}
{"level":"info","message":"Server is running on port 3001","service":"user-service","timestamp":"2025-06-09 17:04:15"}
{"level":"info","message":"Server is running on port 3001","service":"user-service","timestamp":"2025-06-09 17:05:43"}
{"level":"info","message":"POST /api/auth/register","service":"user-service","timestamp":"2025-06-09 17:06:52"}
{"level":"info","message":"Register endpoint called","service":"user-service","timestamp":"2025-06-09 17:06:52"}
{"level":"info","message":"Attempting to register user with email: petrushandikasinaga@gmail.com","service":"user-service","timestamp":"2025-06-09 17:06:52"}
{"level":"info","message":"User registered successfully: 1a60aee5-9b9e-424d-b55f-7f6e5ec3e3a2","service":"user-service","timestamp":"2025-06-09 17:06:52"}
{"level":"info","message":"User registered successfully: 1a60aee5-9b9e-424d-b55f-7f6e5ec3e3a2","service":"user-service","timestamp":"2025-06-09 17:06:52"}
{"level":"info","message":"Server is running on port 3001","service":"user-service","timestamp":"2025-06-09 17:08:16"}
{"level":"info","message":"POST /api/auth/register","service":"user-service","timestamp":"2025-06-09 17:08:38"}
{"level":"info","message":"Register endpoint called","service":"user-service","timestamp":"2025-06-09 17:08:38"}
{"level":"info","message":"Attempting to register user with email: petrushandikasinaga@gmail.com","service":"user-service","timestamp":"2025-06-09 17:08:38"}
{"level":"info","message":"User registered successfully: 3cb54ed0-3977-49ef-ac48-6ade0f227513","service":"user-service","timestamp":"2025-06-09 17:08:38"}
{"level":"info","message":"User registered successfully: 3cb54ed0-3977-49ef-ac48-6ade0f227513","service":"user-service","timestamp":"2025-06-09 17:08:38"}
{"level":"info","message":"Server is running on port 3001","service":"user-service","timestamp":"2025-06-09 17:10:39"}
{"level":"info","message":"POST /api/auth/register","service":"user-service","timestamp":"2025-06-09 17:10:50"}
{"level":"info","message":"Register endpoint called","service":"user-service","timestamp":"2025-06-09 17:10:50"}
{"level":"info","message":"Attempting to register user with email: petrushandikasinaga@gmail.com","service":"user-service","timestamp":"2025-06-09 17:10:50"}
{"level":"info","message":"User registered successfully: c4c78799-3190-46f2-949e-91812bb94ac5","service":"user-service","timestamp":"2025-06-09 17:10:50"}
{"level":"info","message":"User registered successfully: c4c78799-3190-46f2-949e-91812bb94ac5","service":"user-service","timestamp":"2025-06-09 17:10:50"}
{"level":"info","message":"Server is running on port 3001","service":"user-service","timestamp":"2025-06-09 17:11:27"}
{"level":"info","message":"POST /api/auth/register","service":"user-service","timestamp":"2025-06-09 17:11:42"}
{"level":"info","message":"Register endpoint called","service":"user-service","timestamp":"2025-06-09 17:11:42"}
{"level":"info","message":"Attempting to register user with email: petrushandikasinaga@gmail.com","service":"user-service","timestamp":"2025-06-09 17:11:42"}
{"level":"info","message":"User registered successfully: e72dfee9-2e2f-4122-a199-257b5fceb8f9","service":"user-service","timestamp":"2025-06-09 17:11:42"}
{"level":"info","message":"User registered successfully: e72dfee9-2e2f-4122-a199-257b5fceb8f9","service":"user-service","timestamp":"2025-06-09 17:11:42"}
{"level":"info","message":"Server is running on port 3001","service":"user-service","timestamp":"2025-06-09 17:12:20"}
{"level":"info","message":"Server is running on port 3001","service":"user-service","timestamp":"2025-06-09 17:25:32"}
{"level":"info","message":"POST /api/auth/register","service":"user-service","timestamp":"2025-06-09 17:25:39"}
{"level":"info","message":"Register endpoint called","service":"user-service","timestamp":"2025-06-09 17:25:39"}
{"level":"info","message":"Attempting to register user with email: petrushandikasinaga@gmail.com","service":"user-service","timestamp":"2025-06-09 17:25:39"}
{"level":"info","message":"User registered successfully: 3","service":"user-service","timestamp":"2025-06-09 17:25:39"}
{"level":"info","message":"User registered successfully: 3","service":"user-service","timestamp":"2025-06-09 17:25:39"}
{"level":"info","message":"POST /api/auth/register","service":"user-service","timestamp":"2025-06-09 17:25:42"}
{"level":"info","message":"Register endpoint called","service":"user-service","timestamp":"2025-06-09 17:25:42"}
{"level":"info","message":"Attempting to register user with email: petrushandikasinaga@gmail.com","service":"user-service","timestamp":"2025-06-09 17:25:42"}
{"level":"warn","message":"Registration failed: Email already in use - petrushandikasinaga@gmail.com","service":"user-service","timestamp":"2025-06-09 17:25:42"}
{"level":"error","message":"Caught async error: Email already in use","service":"user-service","stack":"Error: Email already in use\n    at D:\\05 - Project\\Ads-Strategy-Server\\src\\services\\auth.service.ts:16:11\n    at Generator.next (<anonymous>)\n    at fulfilled (D:\\05 - Project\\Ads-Strategy-Server\\src\\services\\auth.service.ts:5:58)","timestamp":"2025-06-09 17:25:42"}
{"level":"error","message":"400 - Email already in use - /api/auth/register - POST - ::1","service":"user-service","timestamp":"2025-06-09 17:25:42"}
{"level":"info","message":"POST /api/auth/register","service":"user-service","timestamp":"2025-06-09 17:25:48"}
{"level":"info","message":"Register endpoint called","service":"user-service","timestamp":"2025-06-09 17:25:48"}
{"level":"info","message":"Attempting to register user with email: test123@gmail.com","service":"user-service","timestamp":"2025-06-09 17:25:48"}
{"level":"info","message":"User registered successfully: 4","service":"user-service","timestamp":"2025-06-09 17:25:48"}
{"level":"info","message":"User registered successfully: 4","service":"user-service","timestamp":"2025-06-09 17:25:48"}
{"level":"info","message":"GET /api/auth/login","service":"user-service","timestamp":"2025-06-09 17:26:34"}
{"level":"warn","message":"404 - Route Not Found - /api/auth/login - GET - ::1","service":"user-service","timestamp":"2025-06-09 17:26:34"}
{"level":"info","message":"GET /api/auth/login","service":"user-service","timestamp":"2025-06-09 17:26:39"}
{"level":"warn","message":"404 - Route Not Found - /api/auth/login - GET - ::1","service":"user-service","timestamp":"2025-06-09 17:26:39"}
{"level":"info","message":"GET /api/auth/login","service":"user-service","timestamp":"2025-06-09 17:26:41"}
{"level":"warn","message":"404 - Route Not Found - /api/auth/login - GET - ::1","service":"user-service","timestamp":"2025-06-09 17:26:41"}
{"level":"info","message":"Server is running on port 3001","service":"user-service","timestamp":"2025-06-09 17:29:29"}
