{"level":"error","message":"Caught async error: Email already in use","service":"user-service","stack":"Error: Email already in use\n    at D:\\05 - Project\\Ads-Strategy-Server\\src\\services\\auth.service.ts:16:11\n    at Generator.next (<anonymous>)\n    at fulfilled (D:\\05 - Project\\Ads-Strategy-Server\\src\\services\\auth.service.ts:5:58)","timestamp":"2025-06-09 16:50:39"}
{"level":"error","message":"400 - Email already in use - /api/auth/register - POST - ::1","service":"user-service","timestamp":"2025-06-09 16:50:39"}
{"level":"error","message":"Caught async error: \nInvalid `prisma.user.findUnique()` invocation in\nD:\\05 - Project\\Ads-Strategy-Server\\src\\services\\auth.service.ts:13:42\n\n  10   name: string\n  11 ) => {\n  12   logger.info(`Attempting to register user with email: ${email}`);\n→ 13   const existingUser = await prisma.user.findUnique(\nThe table `public.users` does not exist in the current database.","service":"user-service","stack":"PrismaClientKnownRequestError: \nInvalid `prisma.user.findUnique()` invocation in\nD:\\05 - Project\\Ads-Strategy-Server\\src\\services\\auth.service.ts:13:42\n\n  10   name: string\n  11 ) => {\n  12   logger.info(`Attempting to register user with email: ${email}`);\n→ 13   const existingUser = await prisma.user.findUnique(\nThe table `public.users` does not exist in the current database.\n    at Zn.handleRequestError (D:\\05 - Project\\Ads-Strategy-Server\\node_modules\\@prisma\\client\\runtime\\library.js:121:7459)\n    at Zn.handleAndLogRequestError (D:\\05 - Project\\Ads-Strategy-Server\\node_modules\\@prisma\\client\\runtime\\library.js:121:6784)\n    at Zn.request (D:\\05 - Project\\Ads-Strategy-Server\\node_modules\\@prisma\\client\\runtime\\library.js:121:6491)\n    at async l (D:\\05 - Project\\Ads-Strategy-Server\\node_modules\\@prisma\\client\\runtime\\library.js:130:9778)","timestamp":"2025-06-09 16:57:17"}
{"level":"error","message":"500 - \nInvalid `prisma.user.findUnique()` invocation in\nD:\\05 - Project\\Ads-Strategy-Server\\src\\services\\auth.service.ts:13:42\n\n  10   name: string\n  11 ) => {\n  12   logger.info(`Attempting to register user with email: ${email}`);\n→ 13   const existingUser = await prisma.user.findUnique(\nThe table `public.users` does not exist in the current database. - /api/auth/register - POST - ::1","service":"user-service","timestamp":"2025-06-09 16:57:17"}
{"level":"error","message":"Caught async error: Email already in use","service":"user-service","stack":"Error: Email already in use\n    at D:\\05 - Project\\Ads-Strategy-Server\\src\\services\\auth.service.ts:16:11\n    at Generator.next (<anonymous>)\n    at fulfilled (D:\\05 - Project\\Ads-Strategy-Server\\src\\services\\auth.service.ts:5:58)","timestamp":"2025-06-09 17:25:42"}
{"level":"error","message":"400 - Email already in use - /api/auth/register - POST - ::1","service":"user-service","timestamp":"2025-06-09 17:25:42"}
{"level":"error","message":"500 - Unknown authentication strategy \"google\" - /api/auth/google - GET - ::1","service":"user-service","timestamp":"2025-06-19 14:09:14"}
{"level":"error","message":"500 - Unknown authentication strategy \"google\" - /api/auth/google - GET - ::1","service":"user-service","timestamp":"2025-06-19 14:09:22"}
{"level":"error","message":"500 - Unknown authentication strategy \"google\" - /api/auth/google - GET - ::1","service":"user-service","timestamp":"2025-06-19 14:10:04"}
{"level":"error","message":"500 - Unknown authentication strategy \"google\" - /api/auth/google - GET - ::1","service":"user-service","timestamp":"2025-06-19 14:12:19"}
{"level":"error","message":"500 - Unknown authentication strategy \"google\" - /api/auth/google - GET - ::1","service":"user-service","timestamp":"2025-06-19 14:14:26"}
{"level":"error","message":"500 - Unknown authentication strategy \"google\" - /api/auth/google - GET - ::1","service":"user-service","timestamp":"2025-06-19 14:14:28"}
{"level":"error","message":"500 - Unknown authentication strategy \"google\" - /api/auth/google - GET - ::1","service":"user-service","timestamp":"2025-06-19 14:23:06"}
{"level":"error","message":"500 - Unknown authentication strategy \"google\" - /api/auth/google - GET - ::1","service":"user-service","timestamp":"2025-06-19 14:24:04"}
{"level":"error","message":"500 - Unknown authentication strategy \"google\" - /api/auth/google/callback - GET - ::1","service":"user-service","timestamp":"2025-06-19 14:24:23"}
{"level":"error","message":"500 - Unknown authentication strategy \"google\" - /api/auth/google - GET - ::1","service":"user-service","timestamp":"2025-06-19 14:26:41"}
{"level":"error","message":"500 - Unknown authentication strategy \"google\" - /api/auth/google - GET - ::1","service":"user-service","timestamp":"2025-06-19 14:28:37"}
{"level":"error","message":"500 - Unknown authentication strategy \"google\" - /api/auth/google - GET - ::1","service":"user-service","timestamp":"2025-06-19 14:28:39"}
{"level":"error","message":"500 - Unknown authentication strategy \"google\" - /api/auth/google - GET - ::1","service":"user-service","timestamp":"2025-06-19 14:29:32"}
{"level":"error","message":"500 - Unknown authentication strategy \"google\" - /api/auth/google - GET - ::1","service":"user-service","timestamp":"2025-06-19 14:32:51"}
{"level":"error","message":"500 - Unknown authentication strategy \"google\" - /api/auth/google - GET - ::1","service":"user-service","timestamp":"2025-06-19 14:32:53"}
